build/app/intermediates/manifest_merge_blame_file/release/manifest-merger-blame-release-report.txt
1<?xml version="1.0" encoding="utf-8"?>
2<manifest xmlns:android="http://schemas.android.com/apk/res/android"
3    package="com.example.smartx_flutter_app"
4    android:versionCode="1"
5    android:versionName="1.0.0" >
6
7    <uses-sdk
8        android:minSdkVersion="21"
8-->src\main\AndroidManifest.xml
9        android:targetSdkVersion="33" />
9-->src\main\AndroidManifest.xml
10
11    <uses-permission android:name="android.permission.BLUETOOTH" />
11-->src\main\AndroidManifest.xml:8:5-67
11-->src\main\AndroidManifest.xml:8:22-65
12    <uses-permission android:name="android.permission.ACCESS_FINE_LOCATION" />
12-->src\main\AndroidManifest.xml:9:5-79
12-->src\main\AndroidManifest.xml:9:22-76
13    <uses-permission android:name="android.permission.ACCESS_COARSE_LOCATION" />
13-->src\main\AndroidManifest.xml:10:5-81
13-->src\main\AndroidManifest.xml:10:22-78
14    <uses-permission android:name="android.permission.WRITE_EXTERNAL_STORAGE" />
14-->src\main\AndroidManifest.xml:11:5-81
14-->src\main\AndroidManifest.xml:11:22-78
15    <uses-permission android:name="android.permission.READ_EXTERNAL_STORAGE" />
15-->src\main\AndroidManifest.xml:12:5-80
15-->src\main\AndroidManifest.xml:12:22-77
16    <uses-permission android:name="android.permission.WRITE_SETTINGS" />
16-->src\main\AndroidManifest.xml:13:5-14:47
16-->src\main\AndroidManifest.xml:13:22-70
17    <uses-permission android:name="android.permission.READ_CALL_LOG" />
17-->src\main\AndroidManifest.xml:15:5-72
17-->src\main\AndroidManifest.xml:15:22-69
18    <uses-permission android:name="android.permission.READ_PHONE_STATE" />
18-->src\main\AndroidManifest.xml:16:5-75
18-->src\main\AndroidManifest.xml:16:22-72
19    <uses-permission android:name="android.permission.READ_CONTACTS" />
19-->src\main\AndroidManifest.xml:17:5-72
19-->src\main\AndroidManifest.xml:17:22-69
20    <uses-permission android:name="android.permission.RECEIVE_SMS" />
20-->src\main\AndroidManifest.xml:18:5-70
20-->src\main\AndroidManifest.xml:18:22-67
21    <uses-permission android:name="android.permission.READ_SMS" />
21-->src\main\AndroidManifest.xml:19:5-67
21-->src\main\AndroidManifest.xml:19:22-64
22    <uses-permission android:name="android.permission.CALL_PHONE" />
22-->src\main\AndroidManifest.xml:20:5-69
22-->src\main\AndroidManifest.xml:20:22-66
23    <uses-permission android:name="android.permission.ANSWER_PHONE_CALLS" />
23-->src\main\AndroidManifest.xml:21:5-77
23-->src\main\AndroidManifest.xml:21:22-74
24    <uses-permission android:name="android.permission.INTERNET" />
24-->[:firebase_messaging] AndroidManifest.xml:7:5-67
24-->[:firebase_messaging] AndroidManifest.xml:7:22-64
25    <uses-permission android:name="android.permission.WAKE_LOCK" />
25-->[:firebase_messaging] AndroidManifest.xml:8:5-68
25-->[:firebase_messaging] AndroidManifest.xml:8:22-65
26    <uses-permission android:name="android.permission.ACCESS_NETWORK_STATE" /> <!-- Permissions options for the `notification` group -->
26-->[:firebase_messaging] AndroidManifest.xml:9:5-79
26-->[:firebase_messaging] AndroidManifest.xml:9:22-76
27    <uses-permission android:name="android.permission.POST_NOTIFICATIONS" />
27-->[:firebase_messaging] AndroidManifest.xml:11:5-77
27-->[:firebase_messaging] AndroidManifest.xml:11:22-74
28    <uses-permission android:name="android.permission.RECEIVE_BOOT_COMPLETED" />
28-->[:flutter_local_notifications] AndroidManifest.xml:7:5-81
28-->[:flutter_local_notifications] AndroidManifest.xml:7:22-78
29    <uses-permission android:name="android.permission.VIBRATE" />
29-->[:flutter_local_notifications] AndroidManifest.xml:8:5-66
29-->[:flutter_local_notifications] AndroidManifest.xml:8:22-63
30    <uses-permission android:name="android.permission.USE_FULL_SCREEN_INTENT" />
30-->[:flutter_local_notifications] AndroidManifest.xml:9:5-81
30-->[:flutter_local_notifications] AndroidManifest.xml:9:22-78
31    <uses-permission android:name="android.permission.SCHEDULE_EXACT_ALARM" />
31-->[:flutter_local_notifications] AndroidManifest.xml:10:5-79
31-->[:flutter_local_notifications] AndroidManifest.xml:10:22-76
32
33    <queries>
33-->[com.facebook.android:facebook-common:14.1.1] AndroidManifest.xml:29:5-31:15
34        <package android:name="com.facebook.katana" />
34-->[com.facebook.android:facebook-common:14.1.1] AndroidManifest.xml:30:9-55
34-->[com.facebook.android:facebook-common:14.1.1] AndroidManifest.xml:30:18-52
35        <!-- Needs to be explicitly declared on Android R+ -->
36        <package android:name="com.google.android.apps.maps" />
36-->[com.google.android.gms:play-services-maps:18.1.0] AndroidManifest.xml:33:9-64
36-->[com.google.android.gms:play-services-maps:18.1.0] AndroidManifest.xml:33:18-61
37    </queries>
38
39    <uses-feature
39-->[com.google.android.gms:play-services-maps:18.1.0] AndroidManifest.xml:26:5-28:35
40        android:glEsVersion="0x00020000"
40-->[com.google.android.gms:play-services-maps:18.1.0] AndroidManifest.xml:27:9-41
41        android:required="true" /> <!-- Required by older versions of Google Play services to create IID tokens -->
41-->[com.google.android.gms:play-services-maps:18.1.0] AndroidManifest.xml:28:9-32
42    <uses-permission android:name="com.google.android.c2dm.permission.RECEIVE" />
42-->[com.google.firebase:firebase-messaging:23.2.0] AndroidManifest.xml:28:5-82
42-->[com.google.firebase:firebase-messaging:23.2.0] AndroidManifest.xml:28:22-79
43    <uses-permission android:name="com.google.android.gms.permission.AD_ID" />
43-->[com.facebook.android:facebook-core:14.1.1] AndroidManifest.xml:28:5-79
43-->[com.facebook.android:facebook-core:14.1.1] AndroidManifest.xml:28:22-76
44
45    <permission
45-->[androidx.core:core:1.10.1] AndroidManifest.xml:22:5-24:47
46        android:name="com.example.smartx_flutter_app.DYNAMIC_RECEIVER_NOT_EXPORTED_PERMISSION"
46-->[androidx.core:core:1.10.1] AndroidManifest.xml:23:9-81
47        android:protectionLevel="signature" />
47-->[androidx.core:core:1.10.1] AndroidManifest.xml:24:9-44
48
49    <uses-permission android:name="com.example.smartx_flutter_app.DYNAMIC_RECEIVER_NOT_EXPORTED_PERMISSION" />
49-->[androidx.core:core:1.10.1] AndroidManifest.xml:26:5-97
49-->[androidx.core:core:1.10.1] AndroidManifest.xml:26:22-94
50
51    <uses-feature
51-->[:zhj_sdk:] AndroidManifest.xml:11:5-13:35
52        android:name="android.hardware.bluetooth_le"
52-->[:zhj_sdk:] AndroidManifest.xml:12:9-53
53        android:required="true" />
53-->[:zhj_sdk:] AndroidManifest.xml:13:9-32
54    <uses-feature android:name="android.hardware.location.gps" />
54-->[:zhj_sdk:] AndroidManifest.xml:14:5-66
54-->[:zhj_sdk:] AndroidManifest.xml:14:19-63
55
56    <uses-permission android:name="android.permission.BLUETOOTH_ADMIN" />
56-->[:zhj_sdk:] AndroidManifest.xml:17:5-74
56-->[:zhj_sdk:] AndroidManifest.xml:17:22-71
57    <uses-permission android:name="com.google.android.finsky.permission.BIND_GET_INSTALL_REFERRER_SERVICE" />
57-->[com.android.installreferrer:installreferrer:1.0] AndroidManifest.xml:9:5-110
57-->[com.android.installreferrer:installreferrer:1.0] AndroidManifest.xml:9:22-107
58
59    <application
60        android:name="android.app.Application"
60-->src\main\AndroidManifest.xml:26:9-42
61        android:allowBackup="true"
61-->[:zhj_sdk:] AndroidManifest.xml:23:9-35
62        android:appComponentFactory="androidx.core.app.CoreComponentFactory"
62-->[androidx.core:core:1.10.1] AndroidManifest.xml:28:18-86
63        android:icon="@mipmap/ic_launcher"
63-->src\main\AndroidManifest.xml:27:9-43
64        android:label="@string/app_name"
64-->src\main\AndroidManifest.xml:23:9-41
65        android:roundIcon="@mipmap/ic_launcher_round"
65-->[:zhj_sdk:] AndroidManifest.xml:26:9-54
66        android:supportsRtl="true"
66-->src\main\AndroidManifest.xml:24:9-35
67        android:usesCleartextTraffic="true" >
67-->[:zhj_sdk:] AndroidManifest.xml:28:9-44
68        <activity
68-->src\main\AndroidManifest.xml:28:9-64:20
69            android:name="com.example.smartx_flutter_app.MainActivity"
69-->src\main\AndroidManifest.xml:29:13-41
70            android:configChanges="orientation|keyboardHidden|keyboard|screenSize|smallestScreenSize|locale|layoutDirection|fontScale|screenLayout|density|uiMode"
70-->src\main\AndroidManifest.xml:34:13-163
71            android:exported="true"
71-->src\main\AndroidManifest.xml:30:13-36
72            android:hardwareAccelerated="true"
72-->src\main\AndroidManifest.xml:35:13-47
73            android:launchMode="singleTop"
73-->src\main\AndroidManifest.xml:32:13-43
74            android:requestLegacyExternalStorage="true"
74-->src\main\AndroidManifest.xml:31:13-56
75            android:theme="@style/LaunchTheme"
75-->src\main\AndroidManifest.xml:33:13-47
76            android:windowSoftInputMode="adjustResize" >
76-->src\main\AndroidManifest.xml:36:13-55
77
78            <!--
79                 Specifies an Android theme to apply to this Activity as soon as
80                 the Android process has started. This theme is visible to the user
81                 while the Flutter UI initializes. After that, this theme continues
82                 to determine the Window background behind the Flutter UI.
83            -->
84
85            <meta-data
85-->src\main\AndroidManifest.xml:43:13-45:58
86                android:name="com.google.firebase.messaging.default_notification_icon"
86-->src\main\AndroidManifest.xml:44:17-87
87                android:resource="@mipmap/ic_launcher" />
87-->src\main\AndroidManifest.xml:45:17-55
88            <meta-data
88-->src\main\AndroidManifest.xml:47:13-49:75
89                android:name="com.google.firebase.messaging.default_notification_channel_id"
89-->src\main\AndroidManifest.xml:48:17-93
90                android:value="@string/default_notification_channel_id" />
90-->src\main\AndroidManifest.xml:49:17-72
91            <meta-data
91-->src\main\AndroidManifest.xml:50:13-53:17
92                android:name="io.flutter.embedding.android.NormalTheme"
92-->src\main\AndroidManifest.xml:51:15-70
93                android:resource="@style/NormalTheme" />
93-->src\main\AndroidManifest.xml:52:15-52
94            <meta-data
94-->src\main\AndroidManifest.xml:54:15-55:47
95                android:name="com.google.android.geo.API_KEY"
95-->src\main\AndroidManifest.xml:54:26-71
96                android:value="YOUR KEY HERE" />
96-->src\main\AndroidManifest.xml:55:16-45
97
98            <intent-filter>
98-->src\main\AndroidManifest.xml:56:13-59:29
99                <action android:name="android.intent.action.MAIN" />
99-->src\main\AndroidManifest.xml:57:17-68
99-->src\main\AndroidManifest.xml:57:25-66
100
101                <category android:name="android.intent.category.LAUNCHER" />
101-->src\main\AndroidManifest.xml:58:17-76
101-->src\main\AndroidManifest.xml:58:27-74
102            </intent-filter>
103            <intent-filter>
103-->src\main\AndroidManifest.xml:60:13-63:29
104                <action android:name="FLUTTER_NOTIFICATION_CLICK" />
104-->src\main\AndroidManifest.xml:61:17-69
104-->src\main\AndroidManifest.xml:61:25-66
105
106                <category android:name="android.intent.category.DEFAULT" />
106-->src\main\AndroidManifest.xml:62:17-76
106-->src\main\AndroidManifest.xml:62:27-73
107            </intent-filter>
108        </activity>
109        <!--
110             Don't delete the meta-data below.
111             This is used by the Flutter tool to generate GeneratedPluginRegistrant.java
112        -->
113        <meta-data
113-->src\main\AndroidManifest.xml:67:9-69:33
114            android:name="flutterEmbedding"
114-->src\main\AndroidManifest.xml:68:13-44
115            android:value="2" />
115-->src\main\AndroidManifest.xml:69:13-30
116        <meta-data
116-->src\main\AndroidManifest.xml:54:15-55:47
117            android:name="com.google.android.geo.API_KEY"
117-->src\main\AndroidManifest.xml:54:26-71
118            android:value="AIzaSyCNNmfTGsBatXy77JEAcjxuHCR2WSxVhvg" />
118-->src\main\AndroidManifest.xml:55:16-45
119
120        <service
120-->[:cloud_firestore] AndroidManifest.xml:8:9-12:19
121            android:name="com.google.firebase.components.ComponentDiscoveryService"
121-->[:cloud_firestore] AndroidManifest.xml:8:18-89
122            android:directBootAware="true"
122-->[com.google.firebase:firebase-common:20.3.3] AndroidManifest.xml:34:13-43
123            android:exported="false" >
123-->[com.google.firebase:firebase-auth:22.1.0] AndroidManifest.xml:68:13-37
124            <meta-data
124-->[:cloud_firestore] AndroidManifest.xml:9:13-11:85
125                android:name="com.google.firebase.components:io.flutter.plugins.firebase.firestore.FlutterFirebaseFirestoreRegistrar"
125-->[:cloud_firestore] AndroidManifest.xml:10:17-134
126                android:value="com.google.firebase.components.ComponentRegistrar" />
126-->[:cloud_firestore] AndroidManifest.xml:11:17-82
127            <meta-data
127-->[:firebase_auth] AndroidManifest.xml:9:13-11:85
128                android:name="com.google.firebase.components:io.flutter.plugins.firebase.auth.FlutterFirebaseAuthRegistrar"
128-->[:firebase_auth] AndroidManifest.xml:10:17-124
129                android:value="com.google.firebase.components.ComponentRegistrar" />
129-->[:firebase_auth] AndroidManifest.xml:11:17-82
130            <meta-data
130-->[:firebase_storage] AndroidManifest.xml:9:13-11:85
131                android:name="com.google.firebase.components:io.flutter.plugins.firebase.storage.FlutterFirebaseAppRegistrar"
131-->[:firebase_storage] AndroidManifest.xml:10:17-126
132                android:value="com.google.firebase.components.ComponentRegistrar" />
132-->[:firebase_storage] AndroidManifest.xml:11:17-82
133            <meta-data
133-->[:firebase_messaging] AndroidManifest.xml:36:13-38:85
134                android:name="com.google.firebase.components:io.flutter.plugins.firebase.messaging.FlutterFirebaseAppRegistrar"
134-->[:firebase_messaging] AndroidManifest.xml:37:17-128
135                android:value="com.google.firebase.components.ComponentRegistrar" />
135-->[:firebase_messaging] AndroidManifest.xml:38:17-82
136            <meta-data
136-->[:firebase_core] AndroidManifest.xml:9:13-11:85
137                android:name="com.google.firebase.components:io.flutter.plugins.firebase.core.FlutterFirebaseCoreRegistrar"
137-->[:firebase_core] AndroidManifest.xml:10:17-124
138                android:value="com.google.firebase.components.ComponentRegistrar" />
138-->[:firebase_core] AndroidManifest.xml:11:17-82
139            <meta-data
139-->[com.google.firebase:firebase-auth:22.1.0] AndroidManifest.xml:69:13-71:85
140                android:name="com.google.firebase.components:com.google.firebase.auth.FirebaseAuthRegistrar"
140-->[com.google.firebase:firebase-auth:22.1.0] AndroidManifest.xml:70:17-109
141                android:value="com.google.firebase.components.ComponentRegistrar" />
141-->[com.google.firebase:firebase-auth:22.1.0] AndroidManifest.xml:71:17-82
142            <meta-data
142-->[com.google.firebase:firebase-firestore:24.7.0] AndroidManifest.xml:19:13-21:85
143                android:name="com.google.firebase.components:com.google.firebase.firestore.FirestoreRegistrar"
143-->[com.google.firebase:firebase-firestore:24.7.0] AndroidManifest.xml:20:17-111
144                android:value="com.google.firebase.components.ComponentRegistrar" />
144-->[com.google.firebase:firebase-firestore:24.7.0] AndroidManifest.xml:21:17-82
145            <meta-data
145-->[com.google.firebase:firebase-messaging:23.2.0] AndroidManifest.xml:55:13-57:85
146                android:name="com.google.firebase.components:com.google.firebase.messaging.FirebaseMessagingRegistrar"
146-->[com.google.firebase:firebase-messaging:23.2.0] AndroidManifest.xml:56:17-119
147                android:value="com.google.firebase.components.ComponentRegistrar" />
147-->[com.google.firebase:firebase-messaging:23.2.0] AndroidManifest.xml:57:17-82
148            <meta-data
148-->[com.google.firebase:firebase-storage:20.2.1] AndroidManifest.xml:32:13-34:85
149                android:name="com.google.firebase.components:com.google.firebase.storage.StorageRegistrar"
149-->[com.google.firebase:firebase-storage:20.2.1] AndroidManifest.xml:33:17-107
150                android:value="com.google.firebase.components.ComponentRegistrar" />
150-->[com.google.firebase:firebase-storage:20.2.1] AndroidManifest.xml:34:17-82
151            <meta-data
151-->[com.google.firebase:firebase-iid:21.1.0] AndroidManifest.xml:32:13-34:85
152                android:name="com.google.firebase.components:com.google.firebase.iid.Registrar"
152-->[com.google.firebase:firebase-iid:21.1.0] AndroidManifest.xml:33:17-96
153                android:value="com.google.firebase.components.ComponentRegistrar" />
153-->[com.google.firebase:firebase-iid:21.1.0] AndroidManifest.xml:34:17-82
154            <meta-data
154-->[com.google.firebase:firebase-installations:17.1.3] AndroidManifest.xml:17:13-19:85
155                android:name="com.google.firebase.components:com.google.firebase.installations.FirebaseInstallationsRegistrar"
155-->[com.google.firebase:firebase-installations:17.1.3] AndroidManifest.xml:18:17-127
156                android:value="com.google.firebase.components.ComponentRegistrar" />
156-->[com.google.firebase:firebase-installations:17.1.3] AndroidManifest.xml:19:17-82
157            <meta-data
157-->[com.google.firebase:firebase-datatransport:18.1.7] AndroidManifest.xml:27:13-29:85
158                android:name="com.google.firebase.components:com.google.firebase.datatransport.TransportRegistrar"
158-->[com.google.firebase:firebase-datatransport:18.1.7] AndroidManifest.xml:28:17-115
159                android:value="com.google.firebase.components.ComponentRegistrar" />
159-->[com.google.firebase:firebase-datatransport:18.1.7] AndroidManifest.xml:29:17-82
160        </service>
161        <service
161-->[:firebase_messaging] AndroidManifest.xml:14:9-17:72
162            android:name="io.flutter.plugins.firebase.messaging.FlutterFirebaseMessagingBackgroundService"
162-->[:firebase_messaging] AndroidManifest.xml:15:13-107
163            android:exported="false"
163-->[:firebase_messaging] AndroidManifest.xml:16:13-37
164            android:permission="android.permission.BIND_JOB_SERVICE" />
164-->[:firebase_messaging] AndroidManifest.xml:17:13-69
165        <service
165-->[:firebase_messaging] AndroidManifest.xml:18:9-24:19
166            android:name="io.flutter.plugins.firebase.messaging.FlutterFirebaseMessagingService"
166-->[:firebase_messaging] AndroidManifest.xml:19:13-97
167            android:exported="false" >
167-->[:firebase_messaging] AndroidManifest.xml:20:13-37
168            <intent-filter>
168-->[:firebase_messaging] AndroidManifest.xml:21:13-23:29
169                <action android:name="com.google.firebase.MESSAGING_EVENT" />
169-->[:firebase_messaging] AndroidManifest.xml:22:17-78
169-->[:firebase_messaging] AndroidManifest.xml:22:25-75
170            </intent-filter>
171        </service>
172
173        <receiver
173-->[:firebase_messaging] AndroidManifest.xml:26:9-33:20
174            android:name="io.flutter.plugins.firebase.messaging.FlutterFirebaseMessagingReceiver"
174-->[:firebase_messaging] AndroidManifest.xml:27:13-98
175            android:exported="true"
175-->[:firebase_messaging] AndroidManifest.xml:28:13-36
176            android:permission="com.google.android.c2dm.permission.SEND" >
176-->[:firebase_messaging] AndroidManifest.xml:29:13-73
177            <intent-filter>
177-->[:firebase_messaging] AndroidManifest.xml:30:13-32:29
178                <action android:name="com.google.android.c2dm.intent.RECEIVE" />
178-->[:firebase_messaging] AndroidManifest.xml:31:17-81
178-->[:firebase_messaging] AndroidManifest.xml:31:25-78
179            </intent-filter>
180        </receiver>
181
182        <provider
182-->[:firebase_messaging] AndroidManifest.xml:41:9-45:38
183            android:name="io.flutter.plugins.firebase.messaging.FlutterFirebaseMessagingInitProvider"
183-->[:firebase_messaging] AndroidManifest.xml:42:13-102
184            android:authorities="com.example.smartx_flutter_app.flutterfirebasemessaginginitprovider"
184-->[:firebase_messaging] AndroidManifest.xml:43:13-88
185            android:exported="false"
185-->[:firebase_messaging] AndroidManifest.xml:44:13-37
186            android:initOrder="99" />
186-->[:firebase_messaging] AndroidManifest.xml:45:13-35
187
188        <service
188-->[:geolocator_android] AndroidManifest.xml:8:9-12:56
189            android:name="com.baseflow.geolocator.GeolocatorLocationService"
189-->[:geolocator_android] AndroidManifest.xml:9:13-77
190            android:enabled="true"
190-->[:geolocator_android] AndroidManifest.xml:10:13-35
191            android:exported="false"
191-->[:geolocator_android] AndroidManifest.xml:11:13-37
192            android:foregroundServiceType="location" />
192-->[:geolocator_android] AndroidManifest.xml:12:13-53
193
194        <provider
194-->[:image_picker_android] AndroidManifest.xml:8:9-16:20
195            android:name="io.flutter.plugins.imagepicker.ImagePickerFileProvider"
195-->[:image_picker_android] AndroidManifest.xml:9:13-82
196            android:authorities="com.example.smartx_flutter_app.flutter.image_provider"
196-->[:image_picker_android] AndroidManifest.xml:10:13-74
197            android:exported="false"
197-->[:image_picker_android] AndroidManifest.xml:11:13-37
198            android:grantUriPermissions="true" >
198-->[:image_picker_android] AndroidManifest.xml:12:13-47
199            <meta-data
199-->[:image_picker_android] AndroidManifest.xml:13:13-15:75
200                android:name="android.support.FILE_PROVIDER_PATHS"
200-->[:image_picker_android] AndroidManifest.xml:14:17-67
201                android:resource="@xml/flutter_image_picker_file_paths" />
201-->[:image_picker_android] AndroidManifest.xml:15:17-72
202        </provider>
203
204        <receiver
204-->[:flutter_local_notifications] AndroidManifest.xml:14:9-16:40
205            android:name="com.dexterous.flutterlocalnotifications.ActionBroadcastReceiver"
205-->[:flutter_local_notifications] AndroidManifest.xml:15:13-91
206            android:exported="false" />
206-->[:flutter_local_notifications] AndroidManifest.xml:16:13-37
207        <receiver
207-->[:flutter_local_notifications] AndroidManifest.xml:17:9-19:40
208            android:name="com.dexterous.flutterlocalnotifications.ScheduledNotificationReceiver"
208-->[:flutter_local_notifications] AndroidManifest.xml:18:13-97
209            android:exported="false" />
209-->[:flutter_local_notifications] AndroidManifest.xml:19:13-37
210        <receiver
210-->[:flutter_local_notifications] AndroidManifest.xml:20:9-29:20
211            android:name="com.dexterous.flutterlocalnotifications.ScheduledNotificationBootReceiver"
211-->[:flutter_local_notifications] AndroidManifest.xml:21:13-101
212            android:exported="false" >
212-->[:flutter_local_notifications] AndroidManifest.xml:22:13-37
213            <intent-filter>
213-->[:flutter_local_notifications] AndroidManifest.xml:23:13-28:29
214                <action android:name="android.intent.action.BOOT_COMPLETED" />
214-->[:flutter_local_notifications] AndroidManifest.xml:24:17-79
214-->[:flutter_local_notifications] AndroidManifest.xml:24:25-76
215                <action android:name="android.intent.action.MY_PACKAGE_REPLACED" />
215-->[:flutter_local_notifications] AndroidManifest.xml:25:17-84
215-->[:flutter_local_notifications] AndroidManifest.xml:25:25-81
216                <action android:name="android.intent.action.QUICKBOOT_POWERON" />
216-->[:flutter_local_notifications] AndroidManifest.xml:26:17-82
216-->[:flutter_local_notifications] AndroidManifest.xml:26:25-79
217                <action android:name="com.htc.intent.action.QUICKBOOT_POWERON" />
217-->[:flutter_local_notifications] AndroidManifest.xml:27:17-82
217-->[:flutter_local_notifications] AndroidManifest.xml:27:25-79
218            </intent-filter>
219        </receiver>
220        <!--
221           Declares a provider which allows us to store files to share in
222           '.../caches/share_plus' and grant the receiving action access
223        -->
224        <provider
224-->[:share_plus] AndroidManifest.xml:13:9-21:20
225            android:name="dev.fluttercommunity.plus.share.ShareFileProvider"
225-->[:share_plus] AndroidManifest.xml:14:13-77
226            android:authorities="com.example.smartx_flutter_app.flutter.share_provider"
226-->[:share_plus] AndroidManifest.xml:15:13-74
227            android:exported="false"
227-->[:share_plus] AndroidManifest.xml:16:13-37
228            android:grantUriPermissions="true" >
228-->[:share_plus] AndroidManifest.xml:17:13-47
229            <meta-data
229-->[:image_picker_android] AndroidManifest.xml:13:13-15:75
230                android:name="android.support.FILE_PROVIDER_PATHS"
230-->[:image_picker_android] AndroidManifest.xml:14:17-67
231                android:resource="@xml/flutter_share_file_paths" />
231-->[:image_picker_android] AndroidManifest.xml:15:17-72
232        </provider>
233        <!--
234           This manifest declared broadcast receiver allows us to use an explicit
235           Intent when creating a PendingItent to be informed of the user's choice
236        -->
237        <receiver
237-->[:share_plus] AndroidManifest.xml:26:9-32:20
238            android:name="dev.fluttercommunity.plus.share.SharePlusPendingIntent"
238-->[:share_plus] AndroidManifest.xml:27:13-82
239            android:exported="false" >
239-->[:share_plus] AndroidManifest.xml:28:13-37
240            <intent-filter>
240-->[:share_plus] AndroidManifest.xml:29:13-31:29
241                <action android:name="EXTRA_CHOSEN_COMPONENT" />
241-->[:share_plus] AndroidManifest.xml:30:17-65
241-->[:share_plus] AndroidManifest.xml:30:25-62
242            </intent-filter>
243        </receiver>
244
245        <service
245-->[:location] AndroidManifest.xml:11:9-15:56
246            android:name="com.lyokone.location.FlutterLocationService"
246-->[:location] AndroidManifest.xml:12:13-71
247            android:enabled="true"
247-->[:location] AndroidManifest.xml:13:13-35
248            android:exported="false"
248-->[:location] AndroidManifest.xml:14:13-37
249            android:foregroundServiceType="location" />
249-->[:location] AndroidManifest.xml:15:13-53
250
251        <activity
251-->[com.facebook.android:facebook-common:14.1.1] AndroidManifest.xml:34:9-37:66
252            android:name="com.facebook.FacebookActivity"
252-->[com.facebook.android:facebook-common:14.1.1] AndroidManifest.xml:35:13-57
253            android:configChanges="keyboard|keyboardHidden|screenLayout|screenSize|orientation"
253-->[com.facebook.android:facebook-common:14.1.1] AndroidManifest.xml:36:13-96
254            android:theme="@style/com_facebook_activity_theme" />
254-->[com.facebook.android:facebook-common:14.1.1] AndroidManifest.xml:37:13-63
255        <activity android:name="com.facebook.CustomTabMainActivity" />
255-->[com.facebook.android:facebook-common:14.1.1] AndroidManifest.xml:38:9-71
255-->[com.facebook.android:facebook-common:14.1.1] AndroidManifest.xml:38:19-68
256        <activity
256-->[com.facebook.android:facebook-common:14.1.1] AndroidManifest.xml:39:9-53:20
257            android:name="com.facebook.CustomTabActivity"
257-->[com.facebook.android:facebook-common:14.1.1] AndroidManifest.xml:40:13-58
258            android:exported="true" >
258-->[com.facebook.android:facebook-common:14.1.1] AndroidManifest.xml:41:13-36
259            <intent-filter>
259-->[com.facebook.android:facebook-common:14.1.1] AndroidManifest.xml:43:13-52:29
260                <action android:name="android.intent.action.VIEW" />
260-->[com.facebook.android:facebook-common:14.1.1] AndroidManifest.xml:44:17-69
260-->[com.facebook.android:facebook-common:14.1.1] AndroidManifest.xml:44:25-66
261
262                <category android:name="android.intent.category.DEFAULT" />
262-->src\main\AndroidManifest.xml:62:17-76
262-->src\main\AndroidManifest.xml:62:27-73
263                <category android:name="android.intent.category.BROWSABLE" />
263-->[com.facebook.android:facebook-common:14.1.1] AndroidManifest.xml:47:17-78
263-->[com.facebook.android:facebook-common:14.1.1] AndroidManifest.xml:47:27-75
264
265                <data
265-->[com.facebook.android:facebook-common:14.1.1] AndroidManifest.xml:49:17-51:50
266                    android:host="cct.com.example.smartx_flutter_app"
266-->[com.facebook.android:facebook-common:14.1.1] AndroidManifest.xml:50:21-56
267                    android:scheme="fbconnect" />
267-->[com.facebook.android:facebook-common:14.1.1] AndroidManifest.xml:51:21-47
268            </intent-filter>
269        </activity> <!-- Needs to be explicitly declared on P+ -->
270        <uses-library
270-->[com.google.android.gms:play-services-maps:18.1.0] AndroidManifest.xml:39:9-41:40
271            android:name="org.apache.http.legacy"
271-->[com.google.android.gms:play-services-maps:18.1.0] AndroidManifest.xml:40:13-50
272            android:required="false" />
272-->[com.google.android.gms:play-services-maps:18.1.0] AndroidManifest.xml:41:13-37
273
274        <activity
274-->[com.google.android.gms:play-services-auth:20.6.0] AndroidManifest.xml:23:9-27:75
275            android:name="com.google.android.gms.auth.api.signin.internal.SignInHubActivity"
275-->[com.google.android.gms:play-services-auth:20.6.0] AndroidManifest.xml:24:13-93
276            android:excludeFromRecents="true"
276-->[com.google.android.gms:play-services-auth:20.6.0] AndroidManifest.xml:25:13-46
277            android:exported="false"
277-->[com.google.android.gms:play-services-auth:20.6.0] AndroidManifest.xml:26:13-37
278            android:theme="@android:style/Theme.Translucent.NoTitleBar" />
278-->[com.google.android.gms:play-services-auth:20.6.0] AndroidManifest.xml:27:13-72